<testsuites id="" name="" tests="7" failures="1" skipped="4" errors="0" time="38.655864">
<testsuite name="game-smoke.spec.ts" timestamp="2026-01-06T15:02:08.180Z" hostname="chromium" tests="7" failures="1" skipped="4" time="242.804" errors="0">
<testcase name="Game Smoke Tests › should load game successfully" classname="game-smoke.spec.ts" time="35.823">
</testcase>
<testcase name="Game Smoke Tests › should display SciFi loading screen" classname="game-smoke.spec.ts" time="36.622">
<skipped>
</skipped>
</testcase>
<testcase name="Game Smoke Tests › should initialize energy system" classname="game-smoke.spec.ts" time="25.353">
</testcase>
<testcase name="Game Smoke Tests › should initialize building placement UI" classname="game-smoke.spec.ts" time="36.414">
<skipped>
</skipped>
</testcase>
<testcase name="Game Smoke Tests › should have working 3D scene" classname="game-smoke.spec.ts" time="36.168">
<skipped>
</skipped>
</testcase>
<testcase name="Game Smoke Tests › should maintain 60fps performance" classname="game-smoke.spec.ts" time="36.304">
<failure message="game-smoke.spec.ts:103:7 should maintain 60fps performance" type="FAILURE">
<![CDATA[  [chromium] › game-smoke.spec.ts:103:7 › Game Smoke Tests › should maintain 60fps performance ─────

    Error: expect(received).toBe(expected) // Object.is equality

    Expected: true
    Received: false

      132 |     });
      133 |     
    > 134 |     expect(performanceGood).toBe(true);
          |                             ^
      135 |   });
      136 |   
      137 |   test('should have responsive UI layout', async ({ page }) => {
        at C:\Projects\sandbox\test_kiro\DKH-RTS-Game-Nesus-Of-Mind\tests\e2e\game-smoke.spec.ts:134:29

    attachment #1: screenshot (image/png) ──────────────────────────────────────────────────────────
    ..\..\test-results\game-smoke-Game-Smoke-Test-75e7f--maintain-60fps-performance-chromium\test-failed-1.png
    ────────────────────────────────────────────────────────────────────────────────────────────────

    attachment #2: video (video/webm) ──────────────────────────────────────────────────────────────
    ..\..\test-results\game-smoke-Game-Smoke-Test-75e7f--maintain-60fps-performance-chromium\video.webm
    ────────────────────────────────────────────────────────────────────────────────────────────────

    Error Context: ..\..\test-results\game-smoke-Game-Smoke-Test-75e7f--maintain-60fps-performance-chromium\error-context.md
]]>
</failure>
<system-out>
<![CDATA[
[[ATTACHMENT|game-smoke-Game-Smoke-Test-75e7f--maintain-60fps-performance-chromium\test-failed-1.png]]

[[ATTACHMENT|game-smoke-Game-Smoke-Test-75e7f--maintain-60fps-performance-chromium\video.webm]]

[[ATTACHMENT|game-smoke-Game-Smoke-Test-75e7f--maintain-60fps-performance-chromium\error-context.md]]
]]>
</system-out>
</testcase>
<testcase name="Game Smoke Tests › should have responsive UI layout" classname="game-smoke.spec.ts" time="36.12">
<skipped>
</skipped>
</testcase>
</testsuite>
</testsuites>